{
  "RSpec": {
    "coverage": {
      "/home/concow/tic-tac-toe-rb-online-web-sp-000/lib/tic_tac_toe.rb": [
        1,
        null,
        null,
        1,
        null,
        null,
        null,
        null,
        null,
        null,
        null,
        null,
        null,
        1,
        5,
        5,
        5,
        5,
        5,
        null,
        null,
        1,
        3,
        null,
        null,
        null,
        1,
        13,
        null,
        null,
        1,
        13,
        null,
        null,
        1,
        10,
        10,
        10,
        10,
        9,
        null,
        1,
        null,
        0,
        null,
        null,
        1,
        64,
        null,
        null,
        1,
        2,
        2,
        18,
        5,
        null,
        null,
        2,
        null,
        null,
        1,
        1,
        null,
        null,
        1,
        null,
        36,
        205,
        null,
        null,
        null,
        null,
        null,
        1,
        16,
        83,
        null,
        null,
        null,
        null,
        1,
        16,
        null,
        null,
        1,
        11,
        null,
        null,
        1,
        12,
        7,
        null,
        5,
        5,
        5,
        5,
        null,
        null,
        1,
        3,
        2,
        null,
        null,
        null,
        null
      ]
    },
    "timestamp": 1558470810
  }
}
