{
  "RSpec": {
    "coverage": {
      "/home/concow/tic-tac-toe-rb-online-web-sp-000/lib/tic_tac_toe.rb": [
        1,
        null,
        null,
        1,
        null,
        null,
        null,
        null,
        null,
        null,
        null,
        null,
        null,
        1,
        24,
        24,
        24,
        24,
        24,
        null,
        null,
        1,
        23,
        null,
        null,
        1,
        22,
        null,
        null,
        1,
        146,
        null,
        null,
        1,
        23,
        null,
        null,
        1,
        20,
        20,
        20,
        20,
        19,
        19,
        null,
        1,
        null,
        null,
        null,
        null,
        1,
        21,
        21,
        189,
        31,
        null,
        null,
        21,
        null,
        null,
        1,
        20,
        null,
        null,
        1,
        null,
        64,
        376,
        null,
        null,
        null,
        null,
        null,
        1,
        27,
        121,
        null,
        null,
        null,
        null,
        1,
        22,
        null,
        null,
        1,
        21,
        null,
        null,
        1,
        7,
        6,
        null,
        null,
        null,
        null,
        null,
        1,
        12,
        17,
        null,
        12,
        5,
        5,
        0,
        null,
        null
      ]
    },
    "timestamp": 1558471568
  }
}
